# JRE version: Java(TM) SE Runtime Environment (8.0_11-b12) (build 1.8.0_11-b12)
# Java VM: Java HotSpot(TM) 64-Bit Server VM (25.11-b03 mixed mode linux-amd64 compressed oops)
Heap:
 PSYoungGen      total 92672K, used 53638K [0x00000000eab00000, 0x00000000f2e00000, 0x0000000100000000)
  eden space 59904K, 58% used [0x00000000eab00000,0x00000000ecd366f8,0x00000000ee580000)
  from space 32768K, 56% used [0x00000000ee580000,0x00000000ef7ab1f8,0x00000000f0580000)
  to   space 32768K, 0% used [0x00000000f0e00000,0x00000000f0e00000,0x00000000f2e00000)
 ParOldGen       total 522752K, used 70081K [0x00000000c0000000, 0x00000000dfe80000, 0x00000000eab00000)
  object space 522752K, 13% used [0x00000000c0000000,0x00000000c4470430,0x00000000dfe80000)
 Metaspace       used 82812K, capacity 88046K, committed 88236K, reserved 1126400K
  class space    used 10651K, capacity 12121K, committed 12228K, reserved 1048576K
GC Heap History (10 events):
Event: 20.987 GC heap before
{Heap before GC invocations=32 (full 3):
 PSYoungGen      total 70656K, used 70646K [0x00000000eab00000, 0x00000000f0b00000, 0x0000000100000000)
  eden space 52736K, 100% used [0x00000000eab00000,0x00000000ede80000,0x00000000ede80000)
  from space 17920K, 99% used [0x00000000ef300000,0x00000000f047d8b0,0x00000000f0480000)
  to   space 20992K, 0% used [0x00000000ede80000,0x00000000ede80000,0x00000000ef300000)
 ParOldGen       total 522752K, used 37327K [0x00000000c0000000, 0x00000000dfe80000, 0x00000000eab00000)
  object space 522752K, 7% used [0x00000000c0000000,0x00000000c2473ed8,0x00000000dfe80000)
 Metaspace       used 75268K, capacity 80282K, committed 80428K, reserved 1118208K
  class space    used 9829K, capacity 11293K, committed 11332K, reserved 1048576K
Event: 21.023 GC heap after
Heap after GC invocations=32 (full 3):
 PSYoungGen      total 73728K, used 13649K [0x00000000eab00000, 0x00000000f0e80000, 0x0000000100000000)
  eden space 52736K, 0% used [0x00000000eab00000,0x00000000eab00000,0x00000000ede80000)
  from space 20992K, 65% used [0x00000000ede80000,0x00000000eebd46a0,0x00000000ef300000)
  to   space 22016K, 0% used [0x00000000ef900000,0x00000000ef900000,0x00000000f0e80000)
 ParOldGen       total 522752K, used 43402K [0x00000000c0000000, 0x00000000dfe80000, 0x00000000eab00000)
  object space 522752K, 8% used [0x00000000c0000000,0x00000000c2a62bd0,0x00000000dfe80000)
 Metaspace       used 75268K, capacity 80282K, committed 80428K, reserved 1118208K
  class space    used 9829K, capacity 11293K, committed 11332K, reserved 1048576K
}
Event: 21.553 GC heap before
{Heap before GC invocations=33 (full 3):
 PSYoungGen      total 73728K, used 66385K [0x00000000eab00000, 0x00000000f0e80000, 0x0000000100000000)
  eden space 52736K, 100% used [0x00000000eab00000,0x00000000ede80000,0x00000000ede80000)
  from space 20992K, 65% used [0x00000000ede80000,0x00000000eebd46a0,0x00000000ef300000)
  to   space 22016K, 0% used [0x00000000ef900000,0x00000000ef900000,0x00000000f0e80000)
 ParOldGen       total 522752K, used 43402K [0x00000000c0000000, 0x00000000dfe80000, 0x00000000eab00000)
  object space 522752K, 8% used [0x00000000c0000000,0x00000000c2a62bd0,0x00000000dfe80000)
 Metaspace       used 75322K, capacity 80346K, committed 80428K, reserved 1118208K
  class space    used 9829K, capacity 11293K, committed 11332K, reserved 1048576K
Event: 21.583 GC heap after
Heap after GC invocations=33 (full 3):
 PSYoungGen      total 76288K, used 21722K [0x00000000eab00000, 0x00000000f1700000, 0x0000000100000000)
  eden space 54272K, 0% used [0x00000000eab00000,0x00000000eab00000,0x00000000ee000000)
  from space 22016K, 98% used [0x00000000ef900000,0x00000000f0e36ad0,0x00000000f0e80000)
  to   space 25600K, 0% used [0x00000000ee000000,0x00000000ee000000,0x00000000ef900000)
 ParOldGen       total 522752K, used 43410K [0x00000000c0000000, 0x00000000dfe80000, 0x00000000eab00000)
  object space 522752K, 8% used [0x00000000c0000000,0x00000000c2a64bd0,0x00000000dfe80000)
 Metaspace       used 75322K, capacity 80346K, committed 80428K, reserved 1118208K
  class space    used 9829K, capacity 11293K, committed 11332K, reserved 1048576K
}
Event: 22.104 GC heap before
{Heap before GC invocations=34 (full 3):
 PSYoungGen      total 76288K, used 75994K [0x00000000eab00000, 0x00000000f1700000, 0x0000000100000000)
  eden space 54272K, 100% used [0x00000000eab00000,0x00000000ee000000,0x00000000ee000000)
  from space 22016K, 98% used [0x00000000ef900000,0x00000000f0e36ad0,0x00000000f0e80000)
  to   space 25600K, 0% used [0x00000000ee000000,0x00000000ee000000,0x00000000ef900000)
 ParOldGen       total 522752K, used 43410K [0x00000000c0000000, 0x00000000dfe80000, 0x00000000eab00000)
  object space 522752K, 8% used [0x00000000c0000000,0x00000000c2a64bd0,0x00000000dfe80000)
 Metaspace       used 75393K, capacity 80410K, committed 80684K, reserved 1118208K
  class space    used 9829K, capacity 11293K, committed 11332K, reserved 1048576K
Event: 22.140 GC heap after
Heap after GC invocations=34 (full 3):
 PSYoungGen      total 79872K, used 25594K [0x00000000eab00000, 0x00000000f2300000, 0x0000000100000000)
  eden space 54272K, 0% used [0x00000000eab00000,0x00000000eab00000,0x00000000ee000000)
  from space 25600K, 99% used [0x00000000ee000000,0x00000000ef8feaf0,0x00000000ef900000)
  to   space 30208K, 0% used [0x00000000f0580000,0x00000000f0580000,0x00000000f2300000)
 ParOldGen       total 522752K, used 45035K [0x00000000c0000000, 0x00000000dfe80000, 0x00000000eab00000)
  object space 522752K, 8% used [0x00000000c0000000,0x00000000c2bfac00,0x00000000dfe80000)
 Metaspace       used 75393K, capacity 80410K, committed 80684K, reserved 1118208K
  class space    used 9829K, capacity 11293K, committed 11332K, reserved 1048576K
}
Event: 22.729 GC heap before
{Heap before GC invocations=35 (full 3):
 PSYoungGen      total 79872K, used 79866K [0x00000000eab00000, 0x00000000f2300000, 0x0000000100000000)
  eden space 54272K, 100% used [0x00000000eab00000,0x00000000ee000000,0x00000000ee000000)
  from space 25600K, 99% used [0x00000000ee000000,0x00000000ef8feaf0,0x00000000ef900000)
  to   space 30208K, 0% used [0x00000000f0580000,0x00000000f0580000,0x00000000f2300000)
 ParOldGen       total 522752K, used 45035K [0x00000000c0000000, 0x00000000dfe80000, 0x00000000eab00000)
  object space 522752K, 8% used [0x00000000c0000000,0x00000000c2bfac00,0x00000000dfe80000)
 Metaspace       used 75447K, capacity 80410K, committed 80684K, reserved 1118208K
  class space    used 9832K, capacity 11293K, committed 11332K, reserved 1048576K
Event: 22.788 GC heap after
Heap after GC invocations=35 (full 3):
 PSYoungGen      total 90112K, used 22896K [0x00000000eab00000, 0x00000000f2980000, 0x0000000100000000)
  eden space 59904K, 0% used [0x00000000eab00000,0x00000000eab00000,0x00000000ee580000)
  from space 30208K, 75% used [0x00000000f0580000,0x00000000f1bdc010,0x00000000f2300000)
  to   space 32768K, 0% used [0x00000000ee580000,0x00000000ee580000,0x00000000f0580000)
 ParOldGen       total 522752K, used 56739K [0x00000000c0000000, 0x00000000dfe80000, 0x00000000eab00000)
  object space 522752K, 10% used [0x00000000c0000000,0x00000000c3768e70,0x00000000dfe80000)
 Metaspace       used 75447K, capacity 80410K, committed 80684K, reserved 1118208K
  class space    used 9832K, capacity 11293K, committed 11332K, reserved 1048576K
}
Event: 24.390 GC heap before
{Heap before GC invocations=36 (full 3):
 PSYoungGen      total 90112K, used 82800K [0x00000000eab00000, 0x00000000f2980000, 0x0000000100000000)
  eden space 59904K, 100% used [0x00000000eab00000,0x00000000ee580000,0x00000000ee580000)
  from space 30208K, 75% used [0x00000000f0580000,0x00000000f1bdc010,0x00000000f2300000)
  to   space 32768K, 0% used [0x00000000ee580000,0x00000000ee580000,0x00000000f0580000)
 ParOldGen       total 522752K, used 56739K [0x00000000c0000000, 0x00000000dfe80000, 0x00000000eab00000)
  object space 522752K, 10% used [0x00000000c0000000,0x00000000c3768e70,0x00000000dfe80000)
 Metaspace       used 79804K, capacity 85052K, committed 85292K, reserved 1122304K
  class space    used 10310K, capacity 11779K, committed 11844K, reserved 1048576K
Event: 24.455 GC heap after
Heap after GC invocations=36 (full 3):
 PSYoungGen      total 92672K, used 18604K [0x00000000eab00000, 0x00000000f2e00000, 0x0000000100000000)
  eden space 59904K, 0% used [0x00000000eab00000,0x00000000eab00000,0x00000000ee580000)
  from space 32768K, 56% used [0x00000000ee580000,0x00000000ef7ab1f8,0x00000000f0580000)
  to   space 32768K, 0% used [0x00000000f0e00000,0x00000000f0e00000,0x00000000f2e00000)
 ParOldGen       total 522752K, used 70081K [0x00000000c0000000, 0x00000000dfe80000, 0x00000000eab00000)
  object space 522752K, 13% used [0x00000000c0000000,0x00000000c4470430,0x00000000dfe80000)
 Metaspace       used 79804K, capacity 85052K, committed 85292K, reserved 1122304K
  class space    used 10310K, capacity 11779K, committed 11844K, reserved 1048576K
}

